[debug] > Exec(early(addDefaultCommands), None, None)
[debug] > Exec(addDefaultCommands, None, None)
[debug] > Exec(early(initialize), None, None)
[debug] > Exec(initialize, None, None)
[debug] > Exec(boot, None, None)
[debug] > Exec(writeSbtVersion, None, None)
[debug] > Exec(reload, None, None)
[debug] > Exec(sbtStashOnFailure, None, None)
[debug] > Exec(onFailure loadFailed, None, None)
[debug] > Exec(loadp, None, None)
[info] welcome to sbt 1.10.5 (Ubuntu Java 21.0.4)
[debug] Load.defaultLoad until apply took 2428.60557ms
[debug]           Load.loadUnit: plugins took 869.671575ms
[debug]           Load.loadUnit: defsScala took 3.116199ms
[debug] [Loading] Scanning directory /var/lib/jenkins/workspace/example-app/project
[debug] [Loading] Found non-root projects 
[debug] [Loading] Done in /var/lib/jenkins/workspace/example-app/project, returning: ()
[debug] deducing auto plugins based on known facts Set(Atom(sbt.plugins.CorePlugin)) and clauses Clauses(Clause(Atom(sbt.plugins.JvmPlugin),Set(Atom(sbt.plugins.IvyPlugin)))
[debug] Clause(Atom(sbt.ScriptedPlugin),Set(Atom(sbt.plugins.JvmPlugin)))
[debug] Clause(Atom(sbt.plugins.SbtPlugin),Set(Atom(sbt.ScriptedPlugin)))
[debug] Clause(Atom(sbt.plugins.SemanticdbPlugin),Set(Atom(sbt.plugins.JvmPlugin)))
[debug] Clause(Atom(sbt.plugins.JUnitXmlReportPlugin),Set(Atom(sbt.plugins.JvmPlugin)))
[debug] Clause(Atom(sbt.plugins.MiniDependencyTreePlugin),Set(Atom(sbt.plugins.JvmPlugin)))
[debug] Clause(Atom(sbt.plugins.CorePlugin),Set(Atom(sbt.plugins.IvyPlugin)))
[debug] Clause(Atom(sbt.plugins.IvyPlugin),Set(Atom(sbt.plugins.JvmPlugin)))
[debug] Clause(Atom(sbt.plugins.JvmPlugin),Set(Atom(sbt.plugins.SemanticdbPlugin)))
[debug] Clause(Atom(sbt.plugins.JvmPlugin),Set(Atom(sbt.plugins.JUnitXmlReportPlugin)))
[debug] Clause(Atom(sbt.plugins.CorePlugin),Set(Atom(sbt.plugins.Giter8TemplatePlugin)))
[debug] Clause(Atom(sbt.plugins.JvmPlugin),Set(Atom(sbt.plugins.MiniDependencyTreePlugin))))
[debug]   :: deduced result: Matched(sbt.plugins.CorePlugin,sbt.plugins.Giter8TemplatePlugin,sbt.plugins.IvyPlugin,sbt.plugins.JvmPlugin,sbt.plugins.MiniDependencyTreePlugin,sbt.plugins.JUnitXmlReportPlugin,sbt.plugins.SemanticdbPlugin)
[debug] Plugins.deducer#function took 183.469733 ms
[debug]               Load.resolveProject(example-app-build) took 761.92975ms
[debug]             Load.loadTransitive: finalizeProject(Project(id example-app-build, base: /var/lib/jenkins/workspace/example-app/project, plugins: List(<none>))) took 1169.745111ms
[debug] [Loading] Done in /var/lib/jenkins/workspace/example-app/project, returning: (example-app-build)
[debug]           Load.loadUnit: loadedProjectsRaw took 1465.749337ms
[debug]           Load.loadUnit: cleanEvalClasses took 2.706166ms
[debug]         Load.loadUnit(file:/var/lib/jenkins/workspace/example-app/project/, ...) took 2422.732337ms
[debug]       Load.apply: load took 5215.861612ms
[debug]       Load.apply: resolveProjects took 67.923295ms
[debug]       Load.apply: finalTransforms took 502.134809ms
[debug]       Load.apply: config.delegates took 52.051057ms
[debug]       Load.apply: Def.make(settings)... took 4241.132855ms
[debug]       Load.apply: structureIndex took 759.685326ms
[debug]       Load.apply: mkStreams took 9.196546ms
[info] loading project definition from /var/lib/jenkins/workspace/example-app/project
[debug] Running task... Cancel: Signal, check cycles: false, forcegc: true
[debug]     Load.loadUnit: plugins took 19315.11854ms
[debug]     Load.loadUnit: defsScala took 0.047237ms
[debug] [Loading] Scanning directory /var/lib/jenkins/workspace/example-app
[debug]       Load.loadUnit: mkEval took 20.925405ms
[debug] [Loading] Found non-root projects 
[debug] [Loading] Done in /var/lib/jenkins/workspace/example-app, returning: ()
[debug] deducing auto plugins based on known facts Set(Atom(sbt.plugins.CorePlugin)) and clauses Clauses(Clause(Atom(sbt.plugins.JvmPlugin),Set(Atom(sbt.plugins.IvyPlugin)))
[debug] Clause(Atom(sbt.ScriptedPlugin),Set(Atom(sbt.plugins.JvmPlugin)))
[debug] Clause(Atom(sbt.plugins.SbtPlugin),Set(Atom(sbt.ScriptedPlugin)))
[debug] Clause(Atom(sbt.plugins.SemanticdbPlugin),Set(Atom(sbt.plugins.JvmPlugin)))
[debug] Clause(Atom(sbt.plugins.JUnitXmlReportPlugin),Set(Atom(sbt.plugins.JvmPlugin)))
[debug] Clause(Atom(sbt.plugins.MiniDependencyTreePlugin),Set(Atom(sbt.plugins.JvmPlugin)))
[debug] Clause(Atom(sbt.plugins.CorePlugin),Set(Atom(sbt.plugins.IvyPlugin)))
[debug] Clause(Atom(sbt.plugins.IvyPlugin),Set(Atom(sbt.plugins.JvmPlugin)))
[debug] Clause(Atom(sbt.plugins.JvmPlugin),Set(Atom(sbt.plugins.SemanticdbPlugin)))
[debug] Clause(Atom(sbt.plugins.JvmPlugin),Set(Atom(sbt.plugins.JUnitXmlReportPlugin)))
[debug] Clause(Atom(sbt.plugins.CorePlugin),Set(Atom(sbt.plugins.Giter8TemplatePlugin)))
[debug] Clause(Atom(sbt.plugins.JvmPlugin),Set(Atom(sbt.plugins.MiniDependencyTreePlugin))))
[debug]   :: deduced result: Matched(sbt.plugins.CorePlugin,sbt.plugins.Giter8TemplatePlugin,sbt.plugins.IvyPlugin,sbt.plugins.JvmPlugin,sbt.plugins.MiniDependencyTreePlugin,sbt.plugins.JUnitXmlReportPlugin,sbt.plugins.SemanticdbPlugin)
[debug] Plugins.deducer#function took 18.350327 ms
[info] loading settings for project example-app from build.sbt ...
[debug]         Load.resolveProject(example-app) took 60.973688ms
[debug]       Load.loadTransitive: finalizeProject(Project(id example-app, base: /var/lib/jenkins/workspace/example-app, plugins: List(<none>))) took 87.190118ms
[debug] [Loading] Done in /var/lib/jenkins/workspace/example-app, returning: (example-app)
[debug]     Load.loadUnit: loadedProjectsRaw took 18825.481508ms
[debug]     Load.loadUnit: cleanEvalClasses took 51.324624ms
[debug]   Load.loadUnit(file:/var/lib/jenkins/workspace/example-app/, ...) took 38204.774905ms
[debug] Load.apply: load took 38489.911985ms
[debug] Load.apply: resolveProjects took 0.179442ms
[debug] Load.apply: finalTransforms took 90.420634ms
[debug] Load.apply: config.delegates took 6.329386ms
[debug] Load.apply: Def.make(settings)... took 1011.204131ms
[debug] Load.apply: structureIndex took 242.771423ms
[debug] Load.apply: mkStreams took 0.025994ms
[info] set current project to example-app (in build file:/var/lib/jenkins/workspace/example-app/)
[debug] > Exec(sbtPopOnFailure, None, None)
[debug] > Exec(resumeFromFailure, None, None)
[debug] > Exec(notifyUsersAboutShell, None, None)
[debug] > Exec(iflast shell, None, None)
[debug] > Exec(shell, None, None)
[info] sbt server started at local:///var/lib/jenkins/.sbt/1.0/server/3beb8494b2c278325610/sock
[debug] Writing bsp connection file
[info] started sbt server
[info] shutting down sbt server
