[debug] > Exec(early(addDefaultCommands), None, None)
[debug] > Exec(addDefaultCommands, None, None)
[debug] > Exec(early(initialize), None, None)
[debug] > Exec(initialize, None, None)
[debug] > Exec(boot, None, None)
[debug] > Exec(writeSbtVersion, None, None)
[debug] > Exec(reload, None, None)
[debug] > Exec(sbtStashOnFailure, None, None)
[debug] > Exec(onFailure loadFailed, None, None)
[debug] > Exec(loadp, None, None)
[info] welcome to sbt 1.10.5 (Ubuntu Java 21.0.4)
[debug] Load.defaultLoad until apply took 1014.772568ms
[debug]           Load.loadUnit: plugins took 486.977824ms
[debug]           Load.loadUnit: defsScala took 1.030254ms
[debug] [Loading] Scanning directory /var/lib/jenkins/workspace/example-app/project
[debug] [Loading] Found non-root projects 
[debug] [Loading] Done in /var/lib/jenkins/workspace/example-app/project, returning: ()
[debug] deducing auto plugins based on known facts Set(Atom(sbt.plugins.CorePlugin)) and clauses Clauses(Clause(Atom(sbt.plugins.JvmPlugin),Set(Atom(sbt.plugins.IvyPlugin)))
[debug] Clause(Atom(sbt.ScriptedPlugin),Set(Atom(sbt.plugins.JvmPlugin)))
[debug] Clause(Atom(sbt.plugins.SbtPlugin),Set(Atom(sbt.ScriptedPlugin)))
[debug] Clause(Atom(sbt.plugins.SemanticdbPlugin),Set(Atom(sbt.plugins.JvmPlugin)))
[debug] Clause(Atom(sbt.plugins.JUnitXmlReportPlugin),Set(Atom(sbt.plugins.JvmPlugin)))
[debug] Clause(Atom(sbt.plugins.MiniDependencyTreePlugin),Set(Atom(sbt.plugins.JvmPlugin)))
[debug] Clause(Atom(sbt.plugins.CorePlugin),Set(Atom(sbt.plugins.IvyPlugin)))
[debug] Clause(Atom(sbt.plugins.IvyPlugin),Set(Atom(sbt.plugins.JvmPlugin)))
[debug] Clause(Atom(sbt.plugins.JvmPlugin),Set(Atom(sbt.plugins.SemanticdbPlugin)))
[debug] Clause(Atom(sbt.plugins.JvmPlugin),Set(Atom(sbt.plugins.JUnitXmlReportPlugin)))
[debug] Clause(Atom(sbt.plugins.CorePlugin),Set(Atom(sbt.plugins.Giter8TemplatePlugin)))
[debug] Clause(Atom(sbt.plugins.JvmPlugin),Set(Atom(sbt.plugins.MiniDependencyTreePlugin))))
[debug]   :: deduced result: Matched(sbt.plugins.CorePlugin,sbt.plugins.Giter8TemplatePlugin,sbt.plugins.IvyPlugin,sbt.plugins.JvmPlugin,sbt.plugins.MiniDependencyTreePlugin,sbt.plugins.JUnitXmlReportPlugin,sbt.plugins.SemanticdbPlugin)
[debug] Plugins.deducer#function took 196.106423 ms
[debug]               Load.resolveProject(example-app-build) took 553.470333ms
[debug]             Load.loadTransitive: finalizeProject(Project(id example-app-build, base: /var/lib/jenkins/workspace/example-app/project, plugins: List(<none>))) took 888.510477ms
[debug] [Loading] Done in /var/lib/jenkins/workspace/example-app/project, returning: (example-app-build)
[debug]           Load.loadUnit: loadedProjectsRaw took 1211.903936ms
[debug]           Load.loadUnit: cleanEvalClasses took 0.420096ms
[debug]         Load.loadUnit(file:/var/lib/jenkins/workspace/example-app/project/, ...) took 1734.553836ms
[debug]       Load.apply: load took 3097.94517ms
[debug]       Load.apply: resolveProjects took 85.549146ms
[debug]       Load.apply: finalTransforms took 419.851955ms
[debug]       Load.apply: config.delegates took 28.675793ms
[debug]       Load.apply: Def.make(settings)... took 2046.765985ms
[debug]       Load.apply: structureIndex took 421.44122ms
[debug]       Load.apply: mkStreams took 4.165459ms
[info] loading project definition from /var/lib/jenkins/workspace/example-app/project
[debug] Running task... Cancel: Signal, check cycles: false, forcegc: true
[debug]     Load.loadUnit: plugins took 13445.193663ms
[debug]     Load.loadUnit: defsScala took 0.035777ms
[debug] [Loading] Scanning directory /var/lib/jenkins/workspace/example-app
[debug]       Load.loadUnit: mkEval took 17.838554ms
[debug] [Loading] Found non-root projects 
[debug] [Loading] Done in /var/lib/jenkins/workspace/example-app, returning: ()
[debug] deducing auto plugins based on known facts Set(Atom(sbt.plugins.CorePlugin)) and clauses Clauses(Clause(Atom(sbt.plugins.JvmPlugin),Set(Atom(sbt.plugins.IvyPlugin)))
[debug] Clause(Atom(sbt.ScriptedPlugin),Set(Atom(sbt.plugins.JvmPlugin)))
[debug] Clause(Atom(sbt.plugins.SbtPlugin),Set(Atom(sbt.ScriptedPlugin)))
[debug] Clause(Atom(sbt.plugins.SemanticdbPlugin),Set(Atom(sbt.plugins.JvmPlugin)))
[debug] Clause(Atom(sbt.plugins.JUnitXmlReportPlugin),Set(Atom(sbt.plugins.JvmPlugin)))
[debug] Clause(Atom(sbt.plugins.MiniDependencyTreePlugin),Set(Atom(sbt.plugins.JvmPlugin)))
[debug] Clause(Atom(sbt.plugins.CorePlugin),Set(Atom(sbt.plugins.IvyPlugin)))
[debug] Clause(Atom(sbt.plugins.IvyPlugin),Set(Atom(sbt.plugins.JvmPlugin)))
[debug] Clause(Atom(sbt.plugins.JvmPlugin),Set(Atom(sbt.plugins.SemanticdbPlugin)))
[debug] Clause(Atom(sbt.plugins.JvmPlugin),Set(Atom(sbt.plugins.JUnitXmlReportPlugin)))
[debug] Clause(Atom(sbt.plugins.CorePlugin),Set(Atom(sbt.plugins.Giter8TemplatePlugin)))
[debug] Clause(Atom(sbt.plugins.JvmPlugin),Set(Atom(sbt.plugins.MiniDependencyTreePlugin))))
[debug]   :: deduced result: Matched(sbt.plugins.CorePlugin,sbt.plugins.Giter8TemplatePlugin,sbt.plugins.IvyPlugin,sbt.plugins.JvmPlugin,sbt.plugins.MiniDependencyTreePlugin,sbt.plugins.JUnitXmlReportPlugin,sbt.plugins.SemanticdbPlugin)
[debug] Plugins.deducer#function took 8.126322 ms
[info] loading settings for project example-app from build.sbt ...
[debug]         Load.resolveProject(example-app) took 14.470522ms
[debug]       Load.loadTransitive: finalizeProject(Project(id example-app, base: /var/lib/jenkins/workspace/example-app, plugins: List(<none>))) took 24.222164ms
[debug] [Loading] Done in /var/lib/jenkins/workspace/example-app, returning: (example-app)
[debug]     Load.loadUnit: loadedProjectsRaw took 9167.422483ms
[debug]     Load.loadUnit: cleanEvalClasses took 9.93332ms
[debug]   Load.loadUnit(file:/var/lib/jenkins/workspace/example-app/, ...) took 22627.513472ms
[debug] Load.apply: load took 22884.260693ms
[debug] Load.apply: resolveProjects took 0.519599ms
[debug] Load.apply: finalTransforms took 31.007981ms
[debug] Load.apply: config.delegates took 3.157565ms
[debug] Load.apply: Def.make(settings)... took 661.451136ms
[debug] Load.apply: structureIndex took 129.823821ms
[debug] Load.apply: mkStreams took 1.049541ms
[info] set current project to example-app (in build file:/var/lib/jenkins/workspace/example-app/)
[debug] > Exec(sbtPopOnFailure, None, None)
[debug] > Exec(resumeFromFailure, None, None)
[debug] > Exec(notifyUsersAboutShell, None, None)
[debug] > Exec(iflast shell, None, None)
[debug] > Exec(shell, None, None)
[info] sbt server started at local:///var/lib/jenkins/.sbt/1.0/server/3beb8494b2c278325610/sock
[debug] Writing bsp connection file
[info] started sbt server
[info] shutting down sbt server
