[debug] > Exec(early(addDefaultCommands), None, None)
[debug] > Exec(addDefaultCommands, None, None)
[debug] > Exec(early(initialize), None, None)
[debug] > Exec(initialize, None, None)
[debug] > Exec(boot, None, None)
[debug] > Exec(writeSbtVersion, None, None)
[info] Updated file /var/lib/jenkins/workspace/example-app/project/build.properties: set sbt.version to 1.10.4
[debug] > Exec(reload, None, None)
[debug] > Exec(sbtStashOnFailure, None, None)
[debug] > Exec(onFailure loadFailed, None, None)
[debug] > Exec(loadp, None, None)
[info] welcome to sbt 1.10.4 (Ubuntu Java 21.0.4)
[debug] Load.defaultLoad until apply took 1546.022271ms
[debug]           Load.loadUnit: plugins took 677.81083ms
[debug]           Load.loadUnit: defsScala took 5.997054ms
[debug] [Loading] Scanning directory /var/lib/jenkins/workspace/example-app/project
[debug] [Loading] Found non-root projects 
[debug] [Loading] Done in /var/lib/jenkins/workspace/example-app/project, returning: ()
[debug] deducing auto plugins based on known facts Set(Atom(sbt.plugins.CorePlugin)) and clauses Clauses(Clause(Atom(sbt.plugins.JvmPlugin),Set(Atom(sbt.plugins.IvyPlugin)))
[debug] Clause(Atom(sbt.ScriptedPlugin),Set(Atom(sbt.plugins.JvmPlugin)))
[debug] Clause(Atom(sbt.plugins.SbtPlugin),Set(Atom(sbt.ScriptedPlugin)))
[debug] Clause(Atom(sbt.plugins.SemanticdbPlugin),Set(Atom(sbt.plugins.JvmPlugin)))
[debug] Clause(Atom(sbt.plugins.JUnitXmlReportPlugin),Set(Atom(sbt.plugins.JvmPlugin)))
[debug] Clause(Atom(sbt.plugins.MiniDependencyTreePlugin),Set(Atom(sbt.plugins.JvmPlugin)))
[debug] Clause(Atom(sbt.plugins.CorePlugin),Set(Atom(sbt.plugins.IvyPlugin)))
[debug] Clause(Atom(sbt.plugins.IvyPlugin),Set(Atom(sbt.plugins.JvmPlugin)))
[debug] Clause(Atom(sbt.plugins.JvmPlugin),Set(Atom(sbt.plugins.SemanticdbPlugin)))
[debug] Clause(Atom(sbt.plugins.JvmPlugin),Set(Atom(sbt.plugins.JUnitXmlReportPlugin)))
[debug] Clause(Atom(sbt.plugins.CorePlugin),Set(Atom(sbt.plugins.Giter8TemplatePlugin)))
[debug] Clause(Atom(sbt.plugins.JvmPlugin),Set(Atom(sbt.plugins.MiniDependencyTreePlugin))))
[debug]   :: deduced result: Matched(sbt.plugins.CorePlugin,sbt.plugins.Giter8TemplatePlugin,sbt.plugins.IvyPlugin,sbt.plugins.JvmPlugin,sbt.plugins.MiniDependencyTreePlugin,sbt.plugins.JUnitXmlReportPlugin,sbt.plugins.SemanticdbPlugin)
[debug] Plugins.deducer#function took 184.878157 ms
[debug]               Load.resolveProject(example-app-build) took 637.877144ms
[debug]             Load.loadTransitive: finalizeProject(Project(id example-app-build, base: /var/lib/jenkins/workspace/example-app/project, plugins: List(<none>))) took 1082.997449ms
[debug] [Loading] Done in /var/lib/jenkins/workspace/example-app/project, returning: (example-app-build)
[debug]           Load.loadUnit: loadedProjectsRaw took 1339.007057ms
[debug]           Load.loadUnit: cleanEvalClasses took 3.204801ms
[debug]         Load.loadUnit(file:/var/lib/jenkins/workspace/example-app/project/, ...) took 2107.154111ms
[debug]       Load.apply: load took 4918.554614ms
[debug]       Load.apply: resolveProjects took 35.753693ms
[debug]       Load.apply: finalTransforms took 424.935029ms
[debug]       Load.apply: config.delegates took 30.748601ms
[debug]       Load.apply: Def.make(settings)... took 5747.064638ms
[debug]       Load.apply: structureIndex took 1071.781761ms
[debug]       Load.apply: mkStreams took 6.191031ms
[info] loading project definition from /var/lib/jenkins/workspace/example-app/project
[debug] Running task... Cancel: Signal, check cycles: false, forcegc: true
[debug]     Load.loadUnit: plugins took 31347.112839ms
[debug]     Load.loadUnit: defsScala took 0.03941ms
[debug] [Loading] Scanning directory /var/lib/jenkins/workspace/example-app
[debug] [Loading] Found non-root projects 
[debug] [Loading] Done in /var/lib/jenkins/workspace/example-app, returning: ()
[debug] deducing auto plugins based on known facts Set(Atom(sbt.plugins.CorePlugin)) and clauses Clauses(Clause(Atom(sbt.plugins.JvmPlugin),Set(Atom(sbt.plugins.IvyPlugin)))
[debug] Clause(Atom(sbt.ScriptedPlugin),Set(Atom(sbt.plugins.JvmPlugin)))
[debug] Clause(Atom(sbt.plugins.SbtPlugin),Set(Atom(sbt.ScriptedPlugin)))
[debug] Clause(Atom(sbt.plugins.SemanticdbPlugin),Set(Atom(sbt.plugins.JvmPlugin)))
[debug] Clause(Atom(sbt.plugins.JUnitXmlReportPlugin),Set(Atom(sbt.plugins.JvmPlugin)))
[debug] Clause(Atom(sbt.plugins.MiniDependencyTreePlugin),Set(Atom(sbt.plugins.JvmPlugin)))
[debug] Clause(Atom(sbt.plugins.CorePlugin),Set(Atom(sbt.plugins.IvyPlugin)))
[debug] Clause(Atom(sbt.plugins.IvyPlugin),Set(Atom(sbt.plugins.JvmPlugin)))
[debug] Clause(Atom(sbt.plugins.JvmPlugin),Set(Atom(sbt.plugins.SemanticdbPlugin)))
[debug] Clause(Atom(sbt.plugins.JvmPlugin),Set(Atom(sbt.plugins.JUnitXmlReportPlugin)))
[debug] Clause(Atom(sbt.plugins.CorePlugin),Set(Atom(sbt.plugins.Giter8TemplatePlugin)))
[debug] Clause(Atom(sbt.plugins.JvmPlugin),Set(Atom(sbt.plugins.MiniDependencyTreePlugin))))
[debug]   :: deduced result: Matched(sbt.plugins.CorePlugin,sbt.plugins.Giter8TemplatePlugin,sbt.plugins.IvyPlugin,sbt.plugins.JvmPlugin,sbt.plugins.MiniDependencyTreePlugin,sbt.plugins.JUnitXmlReportPlugin,sbt.plugins.SemanticdbPlugin)
[debug] Plugins.deducer#function took 14.188501 ms
[debug]         Load.resolveProject(example-app) took 1.303331ms
[debug]       Load.loadTransitive: finalizeProject(Project(id example-app, base: /var/lib/jenkins/workspace/example-app, plugins: List(<none>))) took 23.208959ms
[debug] [Loading] Done in /var/lib/jenkins/workspace/example-app, returning: (example-app)
[debug]     Load.loadUnit: loadedProjectsRaw took 34.379926ms
[debug]     Load.loadUnit: cleanEvalClasses took 0.913981ms
[debug]   Load.loadUnit(file:/var/lib/jenkins/workspace/example-app/, ...) took 31390.434682ms
[debug] Load.apply: load took 31627.806352ms
[debug] Load.apply: resolveProjects took 1.506811ms
[debug] Load.apply: finalTransforms took 50.369277ms
[debug] Load.apply: config.delegates took 3.269367ms
[debug] Load.apply: Def.make(settings)... took 528.080678ms
[debug] Load.apply: structureIndex took 156.564602ms
[debug] Load.apply: mkStreams took 0.016491ms
[info] set current project to example-app (in build file:/var/lib/jenkins/workspace/example-app/)
[debug] > Exec(sbtPopOnFailure, None, None)
[debug] > Exec(resumeFromFailure, None, None)
[debug] > Exec(notifyUsersAboutShell, None, None)
[debug] > Exec(iflast shell, None, None)
[debug] > Exec(shell, None, None)
[info] sbt server started at local:///var/lib/jenkins/.sbt/1.0/server/3beb8494b2c278325610/sock
[debug] Writing bsp connection file
[info] started sbt server
[debug] Forcing garbage collection...
[info] shutting down sbt server
